Change Component Footprint: Designator=P1 Old Footprint=662002231822 New Footprint=662002231822
Change Component Footprint: Designator=P2 Old Footprint=662002231822 New Footprint=662002231822
Change Component Footprint: Designator=P3 Old Footprint=662002231822 New Footprint=662002231822
Change Component Footprint: Designator=P4 Old Footprint=662002231822 New Footprint=662002231822
Change Component Footprint: Designator=J1 Old Footprint=691103110002 New Footprint=691103110002
Change Component Footprint: Designator=J2 Old Footprint=691103110002 New Footprint=691103110002
Add Pin To Net: Unknown Pin: Pin D1-1
Add Pin To Net: Unknown Pin: Pin D1-2
Add Pin To Net: Unknown Pin: Pin D2-1
Add Pin To Net: Unknown Pin: Pin D2-2
Add Pin To Net: Unknown Pin: Pin M1-1
Add Pin To Net: Unknown Pin: Pin M1-2
Add Pin To Net: Unknown Pin: Pin M1-3
Add Pin To Net: Unknown Pin: Pin M2-1
Add Pin To Net: Unknown Pin: Pin M2-2
Add Pin To Net: Unknown Pin: Pin M2-3
Add Pin To Net: Unknown Pin: Pin M3-1
Add Pin To Net: Unknown Pin: Pin M3-2
Add Pin To Net: Unknown Pin: Pin M3-3
Add Pin To Net: Unknown Pin: Pin M4-1
Add Pin To Net: Unknown Pin: Pin M4-2
Add Pin To Net: Unknown Pin: Pin M4-3
Add Pin To Net: Unknown Pin: Pin R1-1
Add Pin To Net: Unknown Pin: Pin R1-2
Add Pin To Net: Unknown Pin: Pin R2-1
Add Pin To Net: Unknown Pin: Pin R2-2
Add Pin To Net: Unknown Pin: Pin R3-1
Add Pin To Net: Unknown Pin: Pin R3-2
Add Pin To Net: Unknown Pin: Pin R4-1
Add Pin To Net: Unknown Pin: Pin R4-2
Add Pin To Net: Unknown Pin: Pin Z1-1
Add Pin To Net: Unknown Pin: Pin Z1-2
Add Pin To Net: Unknown Pin: Pin Z2-1
Add Pin To Net: Unknown Pin: Pin Z2-2
Add Class Member: Failed to add class member : Component D1 Diode
Add Class Member: Failed to add class member : Component D2 Diode
Add Class Member: Failed to add class member : Component M1 P-channel Power MOSFET VDMOS Model
Add Class Member: Failed to add class member : Component M2 P-channel Power MOSFET VDMOS Model
Add Class Member: Failed to add class member : Component M3 N-channel Power MOSFET VDMOS Model
Add Class Member: Failed to add class member : Component M4 N-channel Power MOSFET VDMOS Model
Add Class Member: Failed to add class member : Component R1 Resistor
Add Class Member: Failed to add class member : Component R2 Resistor
Add Class Member: Failed to add class member : Component R3 Resistor
Add Class Member: Failed to add class member : Component R4 Resistor
Add Class Member: Failed to add class member : Component R? Resistor
Add Class Member: Failed to add class member : Component Z1 Zener Diode
Add Class Member: Failed to add class member : Component Z2 Zener Diode
