Removed Pin From Net: NetName=NetD?_2 Pin=J?-2
Change Component Footprint: Designator=P? Old Footprint=662002231822 New Footprint=662002231822
Change Component Footprint: Designator=P? Old Footprint=662002231822 New Footprint=662002231822
Change Component Footprint: Designator=P? Old Footprint=662002231822 New Footprint=662002231822
Change Component Footprint: Designator=J? Old Footprint=691103110002 New Footprint=691103110002
Change Component Footprint: Designator=J? Old Footprint=691103110002 New Footprint=691103110002
Added Component: Designator=P?(662002231822)
Add component (AddParameter): Name = "Color"; Value = "Black"; VariantName = "[No Variations]"
Add component (AddParameter): Name = "Connector Type"; Value = "Male Pin, Socket"; VariantName = "[No Variations]"
Add component (AddParameter): Name = "Contact Material"; Value = "Copper"; VariantName = "[No Variations]"
Add component (AddParameter): Name = "Contact Plating"; Value = "Tin"; VariantName = "[No Variations]"
Add component (AddParameter): Name = "Contact Resistance"; Value = "10mO"; VariantName = "[No Variations]"
Add component (AddParameter): Name = "Current Rating"; Value = "5A"; VariantName = "[No Variations]"
Add component (AddParameter): Name = "Fastening Type"; Value = "Ramp"; VariantName = "[No Variations]"
Add component (AddParameter): Name = "Gender"; Value = "Male"; VariantName = "[No Variations]"
Add component (AddParameter): Name = "Height"; Value = "9.9mm"; VariantName = "[No Variations]"
Add component (AddParameter): Name = "Housing Material"; Value = "Nylon"; VariantName = "[No Variations]"
Add component (AddParameter): Name = "Insulation Resistance"; Value = "1GO"; VariantName = "[No Variations]"
Add component (AddParameter): Name = "Lead Pitch"; Value = "3mm"; VariantName = "[No Variations]"
Add component (AddParameter): Name = "Length"; Value = "6.7mm"; VariantName = "[No Variations]"
Add component (AddParameter): Name = "Max Operating Temperature"; Value = "105°C"; VariantName = "[No Variations]"
Add component (AddParameter): Name = "Min Operating Temperature"; Value = "-40°C"; VariantName = "[No Variations]"
Add component (AddParameter): Name = "Mount"; Value = "Surface Mount"; VariantName = "[No Variations]"
Add component (AddParameter): Name = "NexarPartId"; Value = "8917600"; VariantName = "[No Variations]"
Add component (AddParameter): Name = "Number of Contacts"; Value = "2"; VariantName = "[No Variations]"
Add component (AddParameter): Name = "Number of Pins"; Value = "2"; VariantName = "[No Variations]"
Add component (AddParameter): Name = "Number of Positions"; Value = "2"; VariantName = "[No Variations]"
Add component (AddParameter): Name = "Number of Rows"; Value = "2"; VariantName = "[No Variations]"
Add component (AddParameter): Name = "Operating Supply Voltage"; Value = "250V"; VariantName = "[No Variations]"
Add component (AddParameter): Name = "Orientation"; Value = "Vertical"; VariantName = "[No Variations]"
Add component (AddParameter): Name = "Pitch"; Value = "3mm"; VariantName = "[No Variations]"
Add component (AddParameter): Name = "REACH SVHC"; Value = "Unknown"; VariantName = "[No Variations]"
Add component (AddParameter): Name = "RoHS"; Value = "Compliant"; VariantName = "[No Variations]"
Add component (AddParameter): Name = "Row Spacing"; Value = "2.9972mm"; VariantName = "[No Variations]"
Add component (AddParameter): Name = "Termination"; Value = "Solder"; VariantName = "[No Variations]"
Add component (AddParameter): Name = "Width"; Value = "6.7mm"; VariantName = "[No Variations]"
Add Pin To Net: Unknown Pin: Pin D?-1
Add Pin To Net: Unknown Pin: Pin D?-1
Add Pin To Net: Unknown Pin: Pin D?-2
Add Pin To Net: Unknown Pin: Pin D?-2
Added Pin To Net: NetName=NetD?_2 Pin=J?-1
Add Pin To Net: Unknown Pin: Pin M?-1
Add Pin To Net: Unknown Pin: Pin M?-1
Add Pin To Net: Unknown Pin: Pin M?-1
Add Pin To Net: Unknown Pin: Pin M?-2
Add Pin To Net: Unknown Pin: Pin M?-3
Add Pin To Net: Unknown Pin: Pin M?-3
Add Pin To Net: Unknown Pin: Pin M?-3
Added Pin To Net: NetName=NetP?_2 Pin=P?-2
Add Pin To Net: Unknown Pin: Pin R?-1
Add Pin To Net: Unknown Pin: Pin R?-2
Add Net: Net with name "NetD?_1" already exists
Add Net: Net with name "NetD?_2" already exists
Add Net: Net with name "NetM?_2" already exists
Add Net: Net with name "NetM?_2" already exists
Add Net: Net with name "NetM?_2" already exists
Add Net: Net with name "NetP?_2" already exists
Add Net: Net with name "NetP?_2" already exists
Add Net: Net with name "NetP?_2" already exists
Add Class Member: Failed to add class member : Component D? Diode
Add Class Member: Failed to add class member : Component D? Zener Diode
Add Class Member: Failed to add class member : Component D? Diode
Add Class Member: Failed to add class member : Component D? Zener Diode
Added Member To Class: ClassName=H-bridge Member=Component J? 691103110002
Add Class Member: Failed to add class member : Component M? N-channel Power MOSFET VDMOS Model
Add Class Member: Failed to add class member : Component M? P-channel Power MOSFET VDMOS Model
Add Class Member: Failed to add class member : Component M? P-channel Power MOSFET VDMOS Model
Add Class Member: Failed to add class member : Component M? N-channel Power MOSFET VDMOS Model
Added Member To Class: ClassName=H-bridge Member=Component P? 662002231822
Added Member To Class: ClassName=H-bridge Member=Component P? 662002231822
Added Member To Class: ClassName=H-bridge Member=Component P? 662002231822
Added Member To Class: ClassName=H-bridge Member=Component P? 662002231822
Add Class Member: Failed to add class member : Component R? Resistor
Add Class Member: Failed to add class member : Component R? Resistor
Add Class Member: Failed to add class member : Component R? Resistor
Add Class Member: Failed to add class member : Component R? Resistor
