Change Component Footprint: Designator=P? Old Footprint=662002231822 New Footprint=662002231822
Change Component Footprint: Designator=P? Old Footprint=662002231822 New Footprint=662002231822
Change Component Footprint: Designator=P? Old Footprint=662002231822 New Footprint=662002231822
Change Component Footprint: Designator=P? Old Footprint=662002231822 New Footprint=662002231822
Change Component Footprint: Designator=J? Old Footprint=691103110002 New Footprint=691103110002
Change Component Footprint: Designator=J? Old Footprint=691103110002 New Footprint=691103110002
Change Component Designator: OldDesignator=J? NewDesignator=J1
Change Component Designator: OldDesignator=J? NewDesignator=J2
Change Component Designator: OldDesignator=P? NewDesignator=P1
Change Component Designator: OldDesignator=P? NewDesignator=P2
Change Component Designator: OldDesignator=P? NewDesignator=P3
Change Component Designator: OldDesignator=P? NewDesignator=P4
Add Pin To Net: Unknown Pin: Pin M3-3
Add Pin To Net: Unknown Pin: Pin M4-1
Added Net: Name=NetD1_1
Added Pin To Net: NetName=NetD1_2 Pin=J2-2
Added Net: Name=NetD1_2
Added Net: Name=NetD2_1
Added Pin To Net: NetName=NetD2_2 Pin=J2-1
Added Net: Name=NetD2_2
Added Pin To Net: NetName=NetJ1_1 Pin=J1-1
Added Net: Name=NetJ1_1
Added Net: Name=NetM1_2
Added Net: Name=NetM2_2
Added Net: Name=NetM3_2
Added Net: Name=NetM4_2
Added Pin To Net: NetName=NetP1_2 Pin=P1-2
Added Net: Name=NetP1_2
Added Pin To Net: NetName=NetP2_2 Pin=P2-2
Added Net: Name=NetP2_2
Added Pin To Net: NetName=NetP3_2 Pin=P3-2
Added Net: Name=NetP3_2
Added Pin To Net: NetName=NetP4_2 Pin=P4-2
Added Net: Name=NetP4_2
Add Class Member: Failed to add class member : Component D1 Diode
Add Class Member: Failed to add class member : Component D2 Diode
Added Member To Class: ClassName=H-bridge Member=Component J2 691103110002
Add Class Member: Failed to add class member : Component M1 P-channel Power MOSFET VDMOS Model
Add Class Member: Failed to add class member : Component M2 P-channel Power MOSFET VDMOS Model
Add Class Member: Failed to add class member : Component M3 N-channel Power MOSFET VDMOS Model
Add Class Member: Failed to add class member : Component M4 N-channel Power MOSFET VDMOS Model
Added Member To Class: ClassName=H-bridge Member=Component P1 662002231822
Added Member To Class: ClassName=H-bridge Member=Component P2 662002231822
Added Member To Class: ClassName=H-bridge Member=Component P3 662002231822
Add Class Member: Failed to add class member : Component R1 Resistor
Add Class Member: Failed to add class member : Component R2 Resistor
Add Class Member: Failed to add class member : Component R3 Resistor
Add Class Member: Failed to add class member : Component R4 Resistor
Add Class Member: Failed to add class member : Component R? Resistor
Add Class Member: Failed to add class member : Component Z1 Zener Diode
Add Class Member: Failed to add class member : Component Z2 Zener Diode
